<?xml version="1.0" encoding="UTF-8"?>
<!-- Generated by org.testng.reporters.JUnitXMLReporter -->
<testsuite hostname="DESKTOP-3GFSGOJ" ignored="0" name="Checking login page" tests="4" failures="0" timestamp="2020-05-11T18:57:15 IST" time="96.893" errors="0">
  <testcase name="Login_positve" time="12.735" classname="TestCases.Login"/>
  <testcase name="Login_positve" time="11.942" classname="TestCases.Login"/>
  <testcase name="Login_negative" time="10.774" classname="TestCases.Login"/>
  <testcase name="Login_negative" time="9.146" classname="TestCases.Login"/>
</testsuite> <!-- Checking login page -->
