<?xml version="1.0" encoding="UTF-8"?>
<!-- Generated by org.testng.reporters.JUnitXMLReporter -->
<testsuite hostname="DESKTOP-3GFSGOJ" ignored="0" name="Checking Search page" tests="7" failures="0" timestamp="2020-05-08T12:48:56 IST" time="159.043" errors="0">
  <testcase name="search" time="15.781" classname="TestCases.Search"/>
  <testcase name="search" time="10.441" classname="TestCases.Search"/>
  <testcase name="search" time="15.27" classname="TestCases.Search"/>
  <testcase name="search" time="12.919" classname="TestCases.Search"/>
  <testcase name="search" time="13.222" classname="TestCases.Search"/>
  <testcase name="search" time="12.6" classname="TestCases.Search"/>
  <testcase name="search" time="13.788" classname="TestCases.Search"/>
</testsuite> <!-- Checking Search page -->
