<?xml version="1.0" encoding="UTF-8"?>
<!-- Generated by org.testng.reporters.JUnitXMLReporter -->
<testsuite hostname="DESKTOP-3GFSGOJ" ignored="2" name="Checking Wishlist page" tests="7" failures="0" timestamp="2020-05-11T19:35:11 IST" time="166.215" errors="0">
  <testcase name="wishlistitems" time="14.335" classname="TestCases.Addingtowishlist"/>
  <testcase name="wishlistitems" time="15.658" classname="TestCases.Addingtowishlist"/>
  <testcase name="wishlistitems" time="12.742" classname="TestCases.Addingtowishlist"/>
  <testcase name="wishlistitems" time="14.781" classname="TestCases.Addingtowishlist"/>
  <testcase name="wishlistitems" time="15.666" classname="TestCases.Addingtowishlist"/>
  <testcase name="wishlistitems" time="14.179" classname="TestCases.Addingtowishlist"/>
  <testcase name="wishlistitems" time="14.071" classname="TestCases.Addingtowishlist"/>
  <testcase name="search_addtowishlist" time="0.0" classname="TestCases.Addingtowishlist">
    <ignored/>
  </testcase> <!-- search_addtowishlist -->
  <testcase name="wishlistpage" time="0.0" classname="TestCases.Addingtowishlist">
    <ignored/>
  </testcase> <!-- wishlistpage -->
</testsuite> <!-- Checking Wishlist page -->
