<?xml version="1.0" encoding="UTF-8"?>
<!-- Generated by org.testng.reporters.JUnitXMLReporter -->
<testsuite hostname="DESKTOP-3GFSGOJ" ignored="2" name="Checking shoppingcart page" tests="1" failures="1" timestamp="2020-05-14T13:20:06 IST" time="5.131" errors="0">
  <testcase name="shoppingcart_checkout" time="0.027" classname="TestCases.shoppingcart">
    <failure type="java.lang.NullPointerException">
      <![CDATA[java.lang.NullPointerException
at TestCases.Login.Login(Login.java:36)
at TestCases.shoppingcart.shoppingcart_checkout(shoppingcart.java:114)
at java.util.ArrayList.forEach(Unknown Source)
... Removed 27 stack frames]]>
    </failure>
  </testcase> <!-- shoppingcart_checkout -->
  <testcase name="shoppingcartpagetitle" time="0.0" classname="TestCases.shoppingcart">
    <ignored/>
  </testcase> <!-- shoppingcartpagetitle -->
  <testcase name="Items_addingtocart" time="0.0" classname="TestCases.shoppingcart">
    <ignored/>
  </testcase> <!-- Items_addingtocart -->
</testsuite> <!-- Checking shoppingcart page -->
