<?xml version="1.0" encoding="UTF-8"?>
<!-- Generated by org.testng.reporters.JUnitXMLReporter -->
<testsuite hostname="DESKTOP-3GFSGOJ" ignored="0" name="Checking login page" tests="4" failures="0" timestamp="2020-05-08T12:46:17 IST" time="106.408" errors="0">
  <testcase name="Login_positve" time="19.712" classname="TestCases.Login"/>
  <testcase name="Login_positve" time="31.585" classname="TestCases.Login"/>
  <testcase name="Login_negative" time="9.22" classname="TestCases.Login"/>
  <testcase name="Login_negative" time="11.531" classname="TestCases.Login"/>
</testsuite> <!-- Checking login page -->
