<?xml version="1.0" encoding="UTF-8"?>
<!-- Generated by org.testng.reporters.JUnitXMLReporter -->
<testsuite hostname="DESKTOP-3GFSGOJ" ignored="2" name="Checking Wishlist page" tests="7" failures="0" timestamp="2020-05-09T23:28:28 IST" time="204.721" errors="0">
  <testcase name="wishlistitems" time="21.637" classname="TestCases.Addingtowishlist"/>
  <testcase name="wishlistitems" time="27.525" classname="TestCases.Addingtowishlist"/>
  <testcase name="wishlistitems" time="15.301" classname="TestCases.Addingtowishlist"/>
  <testcase name="wishlistitems" time="14.016" classname="TestCases.Addingtowishlist"/>
  <testcase name="wishlistitems" time="13.843" classname="TestCases.Addingtowishlist"/>
  <testcase name="wishlistitems" time="14.376" classname="TestCases.Addingtowishlist"/>
  <testcase name="wishlistitems" time="13.882" classname="TestCases.Addingtowishlist"/>
  <testcase name="search_addtowishlist" time="0.0" classname="TestCases.Addingtowishlist">
    <ignored/>
  </testcase> <!-- search_addtowishlist -->
  <testcase name="wishlistpage" time="0.0" classname="TestCases.Addingtowishlist">
    <ignored/>
  </testcase> <!-- wishlistpage -->
</testsuite> <!-- Checking Wishlist page -->
