<?xml version="1.0" encoding="UTF-8"?>
<!-- Generated by org.testng.reporters.JUnitXMLReporter -->
<testsuite hostname="DESKTOP-3GFSGOJ" ignored="0" name="Checking Search page" tests="7" failures="0" timestamp="2020-05-11T19:00:52 IST" time="216.506" errors="0">
  <testcase name="search" time="12.342" classname="TestCases.Search"/>
  <testcase name="search" time="18.148" classname="TestCases.Search"/>
  <testcase name="search" time="29.682" classname="TestCases.Search"/>
  <testcase name="search" time="11.624" classname="TestCases.Search"/>
  <testcase name="search" time="10.703" classname="TestCases.Search"/>
  <testcase name="search" time="10.652" classname="TestCases.Search"/>
  <testcase name="search" time="58.309" classname="TestCases.Search"/>
</testsuite> <!-- Checking Search page -->
