<?xml version="1.0" encoding="UTF-8"?>
<!-- Generated by org.testng.reporters.JUnitXMLReporter -->
<testsuite hostname="DESKTOP-3GFSGOJ" ignored="0" name="Registration of new user" tests="6" failures="0" timestamp="2020-05-08T12:44:31 IST" time="371.017" errors="0">
  <testcase name="registration_withuniquemail" time="18.536" classname="TestCases.Registration"/>
  <testcase name="registration_withuniquemail" time="15.794" classname="TestCases.Registration"/>
  <testcase name="registration_withuniquemail" time="14.942" classname="TestCases.Registration"/>
  <testcase name="registration_withdupliacteemail" time="12.825" classname="TestCases.Registration"/>
  <testcase name="registration_withdupliacteemail" time="25.271" classname="TestCases.Registration"/>
  <testcase name="registration_withdupliacteemail" time="4.98" classname="TestCases.Registration"/>
</testsuite> <!-- Registration of new user -->
