<?xml version="1.0" encoding="UTF-8"?>
<!-- Generated by org.testng.reporters.JUnitXMLReporter -->
<testsuite hostname="DESKTOP-3GFSGOJ" ignored="0" name="Registration of new user" tests="3" failures="0" timestamp="2020-05-05T22:19:42 IST" time="58.596" errors="0">
  <testcase name="registration" time="5.57" classname="TestCases.Registration"/>
  <testcase name="registration" time="6.481" classname="TestCases.Registration"/>
  <testcase name="registration" time="6.688" classname="TestCases.Registration"/>
</testsuite> <!-- Registration of new user -->
