<?xml version="1.0" encoding="UTF-8"?>
<testng-results skipped="0" failed="0" ignored="2" total="9" passed="7">
  <reporter-output>
  </reporter-output>
  <suite name="Suite" duration-ms="204721" started-at="2020-05-09T23:25:03 IST" finished-at="2020-05-09T23:28:28 IST">
    <groups>
    </groups>
    <test name="Checking Wishlist page" duration-ms="204721" started-at="2020-05-09T23:25:03 IST" finished-at="2020-05-09T23:28:28 IST">
      <class name="TestCases.Addingtowishlist">
        <test-method status="PASS" signature="initialize()[pri:0, instance:TestCases.Addingtowishlist@a2431d0]" name="initialize" is-config="true" duration-ms="5001" started-at="2020-05-09T23:25:04 IST" finished-at="2020-05-09T23:25:09 IST">
          <reporter-output>
          </reporter-output>
        </test-method> <!-- initialize -->
        <test-method status="PASS" signature="wishlistitems(java.lang.String, java.lang.String, java.lang.String, java.lang.String)[pri:0, instance:TestCases.Addingtowishlist@a2431d0]" name="wishlistitems" duration-ms="21637" started-at="2020-05-09T23:25:09 IST" data-provider="gettestdata_wishlistdata" finished-at="2020-05-09T23:25:31 IST">
          <params>
            <param index="0">
              <value>
                <![CDATA[Macbook]]>
              </value>
            </param>
            <param index="1">
              <value>
                <![CDATA[MacBook Air]]>
              </value>
            </param>
            <param index="2">
              <value>
                <![CDATA[Yes]]>
              </value>
            </param>
            <param index="3">
              <value>
                <![CDATA[No]]>
              </value>
            </param>
          </params>
          <reporter-output>
          </reporter-output>
        </test-method> <!-- wishlistitems -->
        <test-method status="PASS" signature="close()[pri:0, instance:TestCases.Addingtowishlist@a2431d0]" name="close" is-config="true" duration-ms="3915" started-at="2020-05-09T23:25:31 IST" finished-at="2020-05-09T23:25:35 IST">
          <reporter-output>
          </reporter-output>
        </test-method> <!-- close -->
        <test-method status="PASS" signature="initialize()[pri:0, instance:TestCases.Addingtowishlist@a2431d0]" name="initialize" is-config="true" duration-ms="8972" started-at="2020-05-09T23:25:35 IST" finished-at="2020-05-09T23:25:44 IST">
          <reporter-output>
          </reporter-output>
        </test-method> <!-- initialize -->
        <test-method status="PASS" signature="wishlistitems(java.lang.String, java.lang.String, java.lang.String, java.lang.String)[pri:0, instance:TestCases.Addingtowishlist@a2431d0]" name="wishlistitems" duration-ms="27525" started-at="2020-05-09T23:25:44 IST" data-provider="gettestdata_wishlistdata" finished-at="2020-05-09T23:26:11 IST">
          <params>
            <param index="0">
              <value>
                <![CDATA[h]]>
              </value>
            </param>
            <param index="1">
              <value>
                <![CDATA[HTC Touch HD]]>
              </value>
            </param>
            <param index="2">
              <value>
                <![CDATA[No]]>
              </value>
            </param>
            <param index="3">
              <value>
                <![CDATA[No]]>
              </value>
            </param>
          </params>
          <reporter-output>
          </reporter-output>
        </test-method> <!-- wishlistitems -->
        <test-method status="PASS" signature="close()[pri:0, instance:TestCases.Addingtowishlist@a2431d0]" name="close" is-config="true" duration-ms="947" started-at="2020-05-09T23:26:11 IST" finished-at="2020-05-09T23:26:12 IST">
          <reporter-output>
          </reporter-output>
        </test-method> <!-- close -->
        <test-method status="PASS" signature="initialize()[pri:0, instance:TestCases.Addingtowishlist@a2431d0]" name="initialize" is-config="true" duration-ms="44789" started-at="2020-05-09T23:26:12 IST" finished-at="2020-05-09T23:26:57 IST">
          <reporter-output>
          </reporter-output>
        </test-method> <!-- initialize -->
        <test-method status="PASS" signature="wishlistitems(java.lang.String, java.lang.String, java.lang.String, java.lang.String)[pri:0, instance:TestCases.Addingtowishlist@a2431d0]" name="wishlistitems" duration-ms="15301" started-at="2020-05-09T23:26:57 IST" data-provider="gettestdata_wishlistdata" finished-at="2020-05-09T23:27:12 IST">
          <params>
            <param index="0">
              <value>
                <![CDATA[phone]]>
              </value>
            </param>
            <param index="1">
              <value>
                <![CDATA[iPhone]]>
              </value>
            </param>
            <param index="2">
              <value>
                <![CDATA[Yes]]>
              </value>
            </param>
            <param index="3">
              <value>
                <![CDATA[No]]>
              </value>
            </param>
          </params>
          <reporter-output>
          </reporter-output>
        </test-method> <!-- wishlistitems -->
        <test-method status="PASS" signature="close()[pri:0, instance:TestCases.Addingtowishlist@a2431d0]" name="close" is-config="true" duration-ms="149" started-at="2020-05-09T23:27:12 IST" finished-at="2020-05-09T23:27:12 IST">
          <reporter-output>
          </reporter-output>
        </test-method> <!-- close -->
        <test-method status="PASS" signature="initialize()[pri:0, instance:TestCases.Addingtowishlist@a2431d0]" name="initialize" is-config="true" duration-ms="4480" started-at="2020-05-09T23:27:12 IST" finished-at="2020-05-09T23:27:17 IST">
          <reporter-output>
          </reporter-output>
        </test-method> <!-- initialize -->
        <test-method status="PASS" signature="wishlistitems(java.lang.String, java.lang.String, java.lang.String, java.lang.String)[pri:0, instance:TestCases.Addingtowishlist@a2431d0]" name="wishlistitems" duration-ms="14016" started-at="2020-05-09T23:27:17 IST" data-provider="gettestdata_wishlistdata" finished-at="2020-05-09T23:27:31 IST">
          <params>
            <param index="0">
              <value>
                <![CDATA[iMac]]>
              </value>
            </param>
            <param index="1">
              <value>
                <![CDATA[iMac]]>
              </value>
            </param>
            <param index="2">
              <value>
                <![CDATA[No]]>
              </value>
            </param>
            <param index="3">
              <value>
                <![CDATA[Yes]]>
              </value>
            </param>
          </params>
          <reporter-output>
          </reporter-output>
        </test-method> <!-- wishlistitems -->
        <test-method status="PASS" signature="close()[pri:0, instance:TestCases.Addingtowishlist@a2431d0]" name="close" is-config="true" duration-ms="345" started-at="2020-05-09T23:27:31 IST" finished-at="2020-05-09T23:27:31 IST">
          <reporter-output>
          </reporter-output>
        </test-method> <!-- close -->
        <test-method status="PASS" signature="initialize()[pri:0, instance:TestCases.Addingtowishlist@a2431d0]" name="initialize" is-config="true" duration-ms="4307" started-at="2020-05-09T23:27:31 IST" finished-at="2020-05-09T23:27:35 IST">
          <reporter-output>
          </reporter-output>
        </test-method> <!-- initialize -->
        <test-method status="PASS" signature="wishlistitems(java.lang.String, java.lang.String, java.lang.String, java.lang.String)[pri:0, instance:TestCases.Addingtowishlist@a2431d0]" name="wishlistitems" duration-ms="13843" started-at="2020-05-09T23:27:35 IST" data-provider="gettestdata_wishlistdata" finished-at="2020-05-09T23:27:49 IST">
          <params>
            <param index="0">
              <value>
                <![CDATA[Product]]>
              </value>
            </param>
            <param index="1">
              <value>
                <![CDATA[Product 8]]>
              </value>
            </param>
            <param index="2">
              <value>
                <![CDATA[Yes]]>
              </value>
            </param>
            <param index="3">
              <value>
                <![CDATA[No]]>
              </value>
            </param>
          </params>
          <reporter-output>
          </reporter-output>
        </test-method> <!-- wishlistitems -->
        <test-method status="PASS" signature="close()[pri:0, instance:TestCases.Addingtowishlist@a2431d0]" name="close" is-config="true" duration-ms="83" started-at="2020-05-09T23:27:49 IST" finished-at="2020-05-09T23:27:49 IST">
          <reporter-output>
          </reporter-output>
        </test-method> <!-- close -->
        <test-method status="PASS" signature="initialize()[pri:0, instance:TestCases.Addingtowishlist@a2431d0]" name="initialize" is-config="true" duration-ms="3792" started-at="2020-05-09T23:27:49 IST" finished-at="2020-05-09T23:27:53 IST">
          <reporter-output>
          </reporter-output>
        </test-method> <!-- initialize -->
        <test-method status="PASS" signature="wishlistitems(java.lang.String, java.lang.String, java.lang.String, java.lang.String)[pri:0, instance:TestCases.Addingtowishlist@a2431d0]" name="wishlistitems" duration-ms="14376" started-at="2020-05-09T23:27:53 IST" data-provider="gettestdata_wishlistdata" finished-at="2020-05-09T23:28:08 IST">
          <params>
            <param index="0">
              <value>
                <![CDATA[Apple]]>
              </value>
            </param>
            <param index="1">
              <value>
                <![CDATA[Apple Cinema 30"]]>
              </value>
            </param>
            <param index="2">
              <value>
                <![CDATA[No]]>
              </value>
            </param>
            <param index="3">
              <value>
                <![CDATA[Yes]]>
              </value>
            </param>
          </params>
          <reporter-output>
          </reporter-output>
        </test-method> <!-- wishlistitems -->
        <test-method status="PASS" signature="close()[pri:0, instance:TestCases.Addingtowishlist@a2431d0]" name="close" is-config="true" duration-ms="875" started-at="2020-05-09T23:28:08 IST" finished-at="2020-05-09T23:28:08 IST">
          <reporter-output>
          </reporter-output>
        </test-method> <!-- close -->
        <test-method status="PASS" signature="initialize()[pri:0, instance:TestCases.Addingtowishlist@a2431d0]" name="initialize" is-config="true" duration-ms="5079" started-at="2020-05-09T23:28:08 IST" finished-at="2020-05-09T23:28:13 IST">
          <reporter-output>
          </reporter-output>
        </test-method> <!-- initialize -->
        <test-method status="PASS" signature="wishlistitems(java.lang.String, java.lang.String, java.lang.String, java.lang.String)[pri:0, instance:TestCases.Addingtowishlist@a2431d0]" name="wishlistitems" duration-ms="13882" started-at="2020-05-09T23:28:13 IST" data-provider="gettestdata_wishlistdata" finished-at="2020-05-09T23:28:27 IST">
          <params>
            <param index="0">
              <value>
                <![CDATA[Macbook]]>
              </value>
            </param>
            <param index="1">
              <value>
                <![CDATA[MacBook Air]]>
              </value>
            </param>
            <param index="2">
              <value>
                <![CDATA[Yes]]>
              </value>
            </param>
            <param index="3">
              <value>
                <![CDATA[No]]>
              </value>
            </param>
          </params>
          <reporter-output>
          </reporter-output>
        </test-method> <!-- wishlistitems -->
        <test-method status="PASS" signature="close()[pri:0, instance:TestCases.Addingtowishlist@a2431d0]" name="close" is-config="true" duration-ms="410" started-at="2020-05-09T23:28:27 IST" finished-at="2020-05-09T23:28:28 IST">
          <reporter-output>
          </reporter-output>
        </test-method> <!-- close -->
      </class> <!-- TestCases.Addingtowishlist -->
    </test> <!-- Checking Wishlist page -->
  </suite> <!-- Suite -->
</testng-results>
